2026-03-09T06:01:17.251Z INFO Is remote: false
2026-03-09T06:01:17.253Z INFO Starting Local. Installation path: undefined
2026-03-09T06:01:17.255Z INFO [MainProvider] Creating new MainProvider instance...
2026-03-09T06:01:17.256Z INFO [TabsManager] Code view listener set up at initialization
2026-03-09T06:01:17.257Z INFO Installation path exists: c:\Users\pari9\Desktop\Capgemini\Day 42\HtmlWithCss
2026-03-09T06:01:17.258Z INFO Initializing database with URL: file:C:\Users\pari9\AppData\Local\Temp\pythagora-temp\pythagora.db
2026-03-09T06:01:17.263Z INFO Database file exists, skipping prisma generate/push for faster startup
2026-03-09T06:01:17.263Z INFO Database initialized successfully
2026-03-09T06:01:17.265Z INFO [Migration] Checking for database migration...
2026-03-09T06:01:17.435Z INFO [Migration] No migration needed
2026-03-09T06:01:54.925Z INFO [TabsManager] First file opened, triggering split view
2026-03-09T06:01:54.928Z INFO [MainProvider] First file opened, creating split view
2026-03-09T06:02:47.482Z INFO [TabsManager] First file opened, triggering split view
2026-03-09T06:02:47.484Z INFO [MainProvider] First file opened, creating split view
2026-03-09T06:03:13.308Z INFO [TabsManager] First file opened, triggering split view
2026-03-09T06:03:13.309Z INFO [MainProvider] First file opened, creating split view
2026-03-09T06:03:23.836Z INFO [TabsManager] First file opened, triggering split view
2026-03-09T06:03:23.837Z INFO [MainProvider] First file opened, creating split view
2026-03-09T06:03:36.576Z INFO [TabsManager] First file opened, triggering split view
2026-03-09T06:03:36.577Z INFO [MainProvider] First file opened, creating split view
2026-03-09T06:03:37.707Z INFO [TabsManager] First file opened, triggering split view
2026-03-09T06:03:37.709Z INFO [MainProvider] First file opened, creating split view
2026-03-09T06:25:52.661Z INFO Closing entire Pythagora extension...
2026-03-09T06:25:52.710Z ERROR Error closing extension
Error: Canceled
Stack: Canceled: Canceled
    at new iI (file:///c:/Users/pari9/AppData/Local/Programs/Microsoft%20VS%20Code/0870c2a0c7/resources/app/out/vs/workbench/api/node/extensionHostProcess.js:407:147604)
    at r._remoteCall (file:///c:/Users/pari9/AppData/Local/Programs/Microsoft%20VS%20Code/0870c2a0c7/resources/app/out/vs/workbench/api/node/extensionHostProcess.js:407:153656)
    at Proxy.i.<computed>.s.charCodeAt.i.<computed> (file:///c:/Users/pari9/AppData/Local/Programs/Microsoft%20VS%20Code/0870c2a0c7/resources/app/out/vs/workbench/api/node/extensionHostProcess.js:407:150451)
    at Jm._doExecuteCommand (file:///c:/Users/pari9/AppData/Local/Programs/Microsoft%20VS%20Code/0870c2a0c7/resources/app/out/vs/workbench/api/node/extensionHostProcess.js:494:48120)
    at Jm.executeCommand (file:///c:/Users/pari9/AppData/Local/Programs/Microsoft%20VS%20Code/0870c2a0c7/resources/app/out/vs/workbench/api/node/extensionHostProcess.js:494:47567)
    at Object.executeCommand (file:///c:/Users/pari9/AppData/Local/Programs/Microsoft%20VS%20Code/0870c2a0c7/resources/app/out/vs/workbench/api/node/extensionHostProcess.js:588:129159)
    at closeEntirePythagoraExtension (c:\Users\pari9\.vscode\extensions\pythagoratechnologies.pythagora-vs-code-2.6.19\out\extension.js:542:31)
    at Object.deactivate (c:\Users\pari9\.vscode\extensions\pythagoratechnologies.pythagora-vs-code-2.6.19\out\extension.js:409:15)
    at lk._deactivate (file:///c:/Users/pari9/AppData/Local/Programs/Microsoft%20VS%20Code/0870c2a0c7/resources/app/out/vs/workbench/api/node/extensionHostProcess.js:498:14479)
    at file:///c:/Users/pari9/AppData/Local/Programs/Microsoft%20VS%20Code/0870c2a0c7/resources/app/out/vs/workbench/api/node/extensionHostProcess.js:498:12006
    at Array.map (<anonymous>)
    at lk._deactivateAll (file:///c:/Users/pari9/AppData/Local/Programs/Microsoft%20VS%20Code/0870c2a0c7/resources/app/out/vs/workbench/api/node/extensionHostProcess.js:498:11994)
    at lk.terminate (file:///c:/Users/pari9/AppData/Local/Programs/Microsoft%20VS%20Code/0870c2a0c7/resources/app/out/vs/workbench/api/node/extensionHostProcess.js:498:12345)
    at r.terminate (file:///c:/Users/pari9/AppData/Local/Programs/Microsoft%20VS%20Code/0870c2a0c7/resources/app/out/vs/workbench/api/node/extensionHostProcess.js:500:1072)
    at Os (file:///c:/Users/pari9/AppData/Local/Programs/Microsoft%20VS%20Code/0870c2a0c7/resources/app/out/vs/workbench/api/node/extensionHostProcess.js:780:11691)
    at MessagePortMain.<anonymous> (file:///c:/Users/pari9/AppData/Local/Programs/Microsoft%20VS%20Code/0870c2a0c7/resources/app/out/vs/workbench/api/node/extensionHostProcess.js:780:8122)
    at MessagePortMain.emit (node:events:519:28)
    at Object.MessagePortMain._internalPort.emit (node:electron/js2c/utility_init:2:2959)
    at Object.callbackTrampoline (node:internal/async_hooks:130:17)
Extra context: {
  "message": "Canceled"
}
