2026-03-05T04:14:36.700Z INFO SharedStateManager initialized
2026-03-05T04:14:36.701Z INFO Is remote: false
2026-03-05T04:14:36.702Z INFO Starting Local. Installation path: undefined
2026-03-05T04:14:36.703Z INFO [MainProvider] Creating new MainProvider instance...
2026-03-05T04:14:36.704Z INFO [TabsManager] Code view listener set up at initialization
2026-03-05T04:14:36.705Z INFO Installation path exists: c:\Users\pari9\Desktop\Capgemini\Day 41\HTML Demo
2026-03-05T04:14:36.706Z INFO Initializing database with URL: file:C:\Users\pari9\AppData\Local\Temp\pythagora-temp\pythagora.db
2026-03-05T04:14:36.711Z INFO Database file exists, skipping prisma generate/push for faster startup
2026-03-05T04:14:36.712Z INFO Database initialized successfully
2026-03-05T04:14:36.713Z INFO [Migration] Checking for database migration...
2026-03-05T04:14:36.938Z INFO [Migration] No migration needed
2026-03-05T04:15:48.486Z INFO [TabsManager] First file opened, triggering split view
2026-03-05T04:15:48.487Z INFO [MainProvider] First file opened, creating split view
2026-03-05T04:17:25.288Z INFO [TabsManager] First file opened, triggering split view
2026-03-05T04:17:25.289Z INFO [MainProvider] First file opened, creating split view
2026-03-05T04:32:50.345Z INFO [TabsManager] First file opened, triggering split view
2026-03-05T04:32:50.346Z INFO [MainProvider] First file opened, creating split view
2026-03-05T05:07:56.782Z INFO [TabsManager] First file opened, triggering split view
2026-03-05T05:07:56.791Z INFO [MainProvider] First file opened, creating split view
2026-03-05T05:13:57.761Z INFO [TabsManager] First file opened, triggering split view
2026-03-05T05:13:57.764Z INFO [MainProvider] First file opened, creating split view
2026-03-05T06:21:51.172Z INFO Closing entire Pythagora extension...
2026-03-05T06:21:51.437Z ERROR Error closing extension
Error: Canceled
Stack: Canceled: Canceled
    at new ij (file:///c:/Users/pari9/AppData/Local/Programs/Microsoft%20VS%20Code/resources/app/out/vs/workbench/api/node/extensionHostProcess.js:29:120021)
    at JS.U (file:///c:/Users/pari9/AppData/Local/Programs/Microsoft%20VS%20Code/resources/app/out/vs/workbench/api/node/extensionHostProcess.js:29:124631)
    at Proxy.s.<computed>.n.charCodeAt.s.<computed> (file:///c:/Users/pari9/AppData/Local/Programs/Microsoft%20VS%20Code/resources/app/out/vs/workbench/api/node/extensionHostProcess.js:29:122125)
    at Zy.g (file:///c:/Users/pari9/AppData/Local/Programs/Microsoft%20VS%20Code/resources/app/out/vs/workbench/api/node/extensionHostProcess.js:114:41133)
    at Zy.executeCommand (file:///c:/Users/pari9/AppData/Local/Programs/Microsoft%20VS%20Code/resources/app/out/vs/workbench/api/node/extensionHostProcess.js:114:40637)
    at Object.executeCommand (file:///c:/Users/pari9/AppData/Local/Programs/Microsoft%20VS%20Code/resources/app/out/vs/workbench/api/node/extensionHostProcess.js:210:101000)
    at closeEntirePythagoraExtension (c:\Users\pari9\.vscode\extensions\pythagoratechnologies.pythagora-vs-code-2.6.9\out\extension.js:560:31)
    at Object.deactivate (c:\Users\pari9\.vscode\extensions\pythagoratechnologies.pythagora-vs-code-2.6.9\out\extension.js:427:15)
    at kX.eb (file:///c:/Users/pari9/AppData/Local/Programs/Microsoft%20VS%20Code/resources/app/out/vs/workbench/api/node/extensionHostProcess.js:118:11850)
    at file:///c:/Users/pari9/AppData/Local/Programs/Microsoft%20VS%20Code/resources/app/out/vs/workbench/api/node/extensionHostProcess.js:118:10000
    at Array.map (<anonymous>)
    at kX.$ (file:///c:/Users/pari9/AppData/Local/Programs/Microsoft%20VS%20Code/resources/app/out/vs/workbench/api/node/extensionHostProcess.js:118:9988)
    at kX.terminate (file:///c:/Users/pari9/AppData/Local/Programs/Microsoft%20VS%20Code/resources/app/out/vs/workbench/api/node/extensionHostProcess.js:118:10231)
    at nN.terminate (file:///c:/Users/pari9/AppData/Local/Programs/Microsoft%20VS%20Code/resources/app/out/vs/workbench/api/node/extensionHostProcess.js:120:914)
    at Fs (file:///c:/Users/pari9/AppData/Local/Programs/Microsoft%20VS%20Code/resources/app/out/vs/workbench/api/node/extensionHostProcess.js:402:10411)
    at MessagePortMain.<anonymous> (file:///c:/Users/pari9/AppData/Local/Programs/Microsoft%20VS%20Code/resources/app/out/vs/workbench/api/node/extensionHostProcess.js:402:6949)
    at MessagePortMain.emit (node:events:519:28)
    at Object.MessagePortMain._internalPort.emit (node:electron/js2c/utility_init:2:2949)
Extra context: {
  "message": "Canceled"
}
2026-03-09T04:07:32.829Z INFO Is remote: false
2026-03-09T04:07:32.832Z INFO Starting Local. Installation path: undefined
2026-03-09T04:07:32.834Z INFO [MainProvider] Creating new MainProvider instance...
2026-03-09T04:07:32.836Z INFO [TabsManager] Code view listener set up at initialization
2026-03-09T04:07:32.839Z INFO Installation path exists: c:\Users\pari9\Desktop\Capgemini\Day 41\HTML Demo
2026-03-09T04:07:32.841Z INFO Initializing database with URL: file:C:\Users\pari9\AppData\Local\Temp\pythagora-temp\pythagora.db
2026-03-09T04:07:32.852Z INFO Database file exists, skipping prisma generate/push for faster startup
2026-03-09T04:07:32.854Z INFO Database initialized successfully
2026-03-09T04:07:32.857Z INFO [Migration] Checking for database migration...
2026-03-09T04:07:34.196Z INFO [Migration] No migration needed
2026-03-09T04:07:54.325Z INFO Closing entire Pythagora extension...
2026-03-09T04:07:54.373Z ERROR Error closing extension
Error: Canceled
Stack: Canceled: Canceled
    at new iI (file:///c:/Users/pari9/AppData/Local/Programs/Microsoft%20VS%20Code/0870c2a0c7/resources/app/out/vs/workbench/api/node/extensionHostProcess.js:407:147604)
    at r._remoteCall (file:///c:/Users/pari9/AppData/Local/Programs/Microsoft%20VS%20Code/0870c2a0c7/resources/app/out/vs/workbench/api/node/extensionHostProcess.js:407:153656)
    at Proxy.i.<computed>.s.charCodeAt.i.<computed> (file:///c:/Users/pari9/AppData/Local/Programs/Microsoft%20VS%20Code/0870c2a0c7/resources/app/out/vs/workbench/api/node/extensionHostProcess.js:407:150451)
    at Jm._doExecuteCommand (file:///c:/Users/pari9/AppData/Local/Programs/Microsoft%20VS%20Code/0870c2a0c7/resources/app/out/vs/workbench/api/node/extensionHostProcess.js:494:48120)
    at Jm.executeCommand (file:///c:/Users/pari9/AppData/Local/Programs/Microsoft%20VS%20Code/0870c2a0c7/resources/app/out/vs/workbench/api/node/extensionHostProcess.js:494:47567)
    at Object.executeCommand (file:///c:/Users/pari9/AppData/Local/Programs/Microsoft%20VS%20Code/0870c2a0c7/resources/app/out/vs/workbench/api/node/extensionHostProcess.js:588:129159)
    at closeEntirePythagoraExtension (c:\Users\pari9\.vscode\extensions\pythagoratechnologies.pythagora-vs-code-2.6.19\out\extension.js:542:31)
    at Object.deactivate (c:\Users\pari9\.vscode\extensions\pythagoratechnologies.pythagora-vs-code-2.6.19\out\extension.js:409:15)
    at lk._deactivate (file:///c:/Users/pari9/AppData/Local/Programs/Microsoft%20VS%20Code/0870c2a0c7/resources/app/out/vs/workbench/api/node/extensionHostProcess.js:498:14479)
    at file:///c:/Users/pari9/AppData/Local/Programs/Microsoft%20VS%20Code/0870c2a0c7/resources/app/out/vs/workbench/api/node/extensionHostProcess.js:498:12006
    at Array.map (<anonymous>)
    at lk._deactivateAll (file:///c:/Users/pari9/AppData/Local/Programs/Microsoft%20VS%20Code/0870c2a0c7/resources/app/out/vs/workbench/api/node/extensionHostProcess.js:498:11994)
    at lk.terminate (file:///c:/Users/pari9/AppData/Local/Programs/Microsoft%20VS%20Code/0870c2a0c7/resources/app/out/vs/workbench/api/node/extensionHostProcess.js:498:12345)
    at r.terminate (file:///c:/Users/pari9/AppData/Local/Programs/Microsoft%20VS%20Code/0870c2a0c7/resources/app/out/vs/workbench/api/node/extensionHostProcess.js:500:1072)
    at Os (file:///c:/Users/pari9/AppData/Local/Programs/Microsoft%20VS%20Code/0870c2a0c7/resources/app/out/vs/workbench/api/node/extensionHostProcess.js:780:11691)
    at MessagePortMain.<anonymous> (file:///c:/Users/pari9/AppData/Local/Programs/Microsoft%20VS%20Code/0870c2a0c7/resources/app/out/vs/workbench/api/node/extensionHostProcess.js:780:8122)
    at MessagePortMain.emit (node:events:519:28)
    at Object.MessagePortMain._internalPort.emit (node:electron/js2c/utility_init:2:2959)
Extra context: {
  "message": "Canceled"
}
