2026-03-10T08:37:52.832Z INFO Is remote: false
2026-03-10T08:37:52.844Z INFO Starting Local. Installation path: undefined
2026-03-10T08:37:52.846Z INFO [MainProvider] Creating new MainProvider instance...
2026-03-10T08:37:52.850Z INFO [TabsManager] Code view listener set up at initialization
2026-03-10T08:37:52.852Z INFO Installation path exists: c:\Users\pari9\Desktop\Capgemini\Day 44\bootstrap-5.0.2-dist
2026-03-10T08:37:52.854Z INFO Initializing database with URL: file:C:\Users\pari9\AppData\Local\Temp\pythagora-temp\pythagora.db
2026-03-10T08:37:52.863Z INFO Database file exists, skipping prisma generate/push for faster startup
2026-03-10T08:37:52.874Z INFO Database initialized successfully
2026-03-10T08:37:52.876Z INFO [Migration] Checking for database migration...
2026-03-10T08:37:53.726Z INFO [Migration] No migration needed
2026-03-10T08:41:24.643Z INFO [TabsManager] First file opened, triggering split view
2026-03-10T08:41:24.645Z INFO [MainProvider] First file opened, creating split view
2026-03-10T08:45:52.412Z INFO [TabsManager] First file opened, triggering split view
2026-03-10T08:45:52.414Z INFO [MainProvider] First file opened, creating split view
2026-03-10T08:46:04.180Z INFO [TabsManager] First file opened, triggering split view
2026-03-10T08:46:04.182Z INFO [MainProvider] First file opened, creating split view
2026-03-10T10:18:38.751Z INFO Closing entire Pythagora extension...
2026-03-10T10:18:38.887Z ERROR Error closing extension
Error: Canceled
Stack: Canceled: Canceled
    at new iI (file:///c:/Users/pari9/AppData/Local/Programs/Microsoft%20VS%20Code/61b3d0ab13/resources/app/out/vs/workbench/api/node/extensionHostProcess.js:407:147604)
    at r._remoteCall (file:///c:/Users/pari9/AppData/Local/Programs/Microsoft%20VS%20Code/61b3d0ab13/resources/app/out/vs/workbench/api/node/extensionHostProcess.js:407:153656)
    at Proxy.i.<computed>.s.charCodeAt.i.<computed> (file:///c:/Users/pari9/AppData/Local/Programs/Microsoft%20VS%20Code/61b3d0ab13/resources/app/out/vs/workbench/api/node/extensionHostProcess.js:407:150451)
    at Jm._doExecuteCommand (file:///c:/Users/pari9/AppData/Local/Programs/Microsoft%20VS%20Code/61b3d0ab13/resources/app/out/vs/workbench/api/node/extensionHostProcess.js:494:48120)
    at Jm.executeCommand (file:///c:/Users/pari9/AppData/Local/Programs/Microsoft%20VS%20Code/61b3d0ab13/resources/app/out/vs/workbench/api/node/extensionHostProcess.js:494:47567)
    at Object.executeCommand (file:///c:/Users/pari9/AppData/Local/Programs/Microsoft%20VS%20Code/61b3d0ab13/resources/app/out/vs/workbench/api/node/extensionHostProcess.js:588:129159)
    at closeEntirePythagoraExtension (c:\Users\pari9\.vscode\extensions\pythagoratechnologies.pythagora-vs-code-2.6.19\out\extension.js:542:31)
    at Object.deactivate (c:\Users\pari9\.vscode\extensions\pythagoratechnologies.pythagora-vs-code-2.6.19\out\extension.js:409:15)
    at lk._deactivate (file:///c:/Users/pari9/AppData/Local/Programs/Microsoft%20VS%20Code/61b3d0ab13/resources/app/out/vs/workbench/api/node/extensionHostProcess.js:498:14479)
    at file:///c:/Users/pari9/AppData/Local/Programs/Microsoft%20VS%20Code/61b3d0ab13/resources/app/out/vs/workbench/api/node/extensionHostProcess.js:498:12006
    at Array.map (<anonymous>)
    at lk._deactivateAll (file:///c:/Users/pari9/AppData/Local/Programs/Microsoft%20VS%20Code/61b3d0ab13/resources/app/out/vs/workbench/api/node/extensionHostProcess.js:498:11994)
    at lk.terminate (file:///c:/Users/pari9/AppData/Local/Programs/Microsoft%20VS%20Code/61b3d0ab13/resources/app/out/vs/workbench/api/node/extensionHostProcess.js:498:12345)
    at r.terminate (file:///c:/Users/pari9/AppData/Local/Programs/Microsoft%20VS%20Code/61b3d0ab13/resources/app/out/vs/workbench/api/node/extensionHostProcess.js:500:1072)
    at Os (file:///c:/Users/pari9/AppData/Local/Programs/Microsoft%20VS%20Code/61b3d0ab13/resources/app/out/vs/workbench/api/node/extensionHostProcess.js:780:11691)
    at MessagePortMain.<anonymous> (file:///c:/Users/pari9/AppData/Local/Programs/Microsoft%20VS%20Code/61b3d0ab13/resources/app/out/vs/workbench/api/node/extensionHostProcess.js:780:8122)
    at MessagePortMain.emit (node:events:519:28)
    at Object.MessagePortMain._internalPort.emit (node:electron/js2c/utility_init:2:2959)
    at Object.callbackTrampoline (node:internal/async_hooks:130:17)
Extra context: {
  "message": "Canceled"
}
